#
# There is insufficient memory for the Java Runtime Environment to continue.
# Native memory allocation (malloc) failed to allocate 32744 bytes for ChunkPool::allocate
# Possible reasons:
#   The system is out of physical RAM or swap space
#   The process is running with CompressedOops enabled, and the Java Heap may be blocking the growth of the native heap
# Possible solutions:
#   Reduce memory load on the system
#   Increase physical memory or swap space
#   Check if swap backing store is full
#   Decrease Java heap size (-Xmx/-Xms)
#   Decrease number of Java threads
#   Decrease Java thread stack sizes (-Xss)
#   Set larger code cache with -XX:ReservedCodeCacheSize=
#   JVM is running with Unscaled Compressed Oops mode in which the Java heap is
#     placed in the first 4GB address space. The Java Heap base address is the
#     maximum limit for the native heap growth. Please use -XX:HeapBaseMinAddress
#     to set the Java Heap base and to place the Java Heap above 4GB virtual address.
# This output file may be truncated or incomplete.
#
#  Out of Memory Error (allocation.cpp:272), pid=30112, tid=0x0000000000007f9c
#
# JRE version: OpenJDK Runtime Environment (8.0_242-b01) (build 1.8.0_242-release-1644-b01)
# Java VM: OpenJDK 64-Bit Server VM (25.242-b01 mixed mode windows-amd64 compressed oops)
# Failed to write core dump. Minidumps are not enabled by default on client versions of Windows
#

---------------  T H R E A D  ---------------

Current thread (0x00000000196dc000):  JavaThread "C2 CompilerThread2" daemon [_thread_in_native, id=32668, stack(0x000000001a0d0000,0x000000001a1d0000)]

Stack: [0x000000001a0d0000,0x000000001a1d0000]
[error occurred during error reporting (printing stack bounds), id 0xc0000005]

Native frames: (J=compiled Java code, j=interpreted, Vv=VM code, C=native code)


Current CompileTask:
C2:   9205 1541   !   4       java.net.URLClassLoader$1::run (63 bytes)


---------------  P R O C E S S  ---------------

Java Threads: ( => current thread )
  0x000000001ac51000 JavaThread "Cache worker for file hash cache (C:\Users\LIMJAEKYUNG\.gradle\caches\6.5\fileHashes)" [_thread_blocked, id=10736, stack(0x000000001e170000,0x000000001e270000)]
  0x000000001ac50800 JavaThread "File lock request listener" [_thread_in_native, id=28640, stack(0x000000001e070000,0x000000001e170000)]
  0x0000000019935000 JavaThread "Cache worker for journal cache (C:\Users\LIMJAEKYUNG\.gradle\caches\journal-1)" [_thread_blocked, id=31576, stack(0x000000001df70000,0x000000001e070000)]
  0x000000001ae19800 JavaThread "Thread-9" [_thread_blocked, id=35756, stack(0x000000001dc70000,0x000000001dd70000)]
  0x000000001ae17000 JavaThread "Stdin handler" [_thread_blocked, id=14560, stack(0x000000001db70000,0x000000001dc70000)]
  0x000000001b60e800 JavaThread "Asynchronous log dispatcher for DefaultDaemonConnection: socket connection from /127.0.0.1:8806 to /127.0.0.1:8807" [_thread_blocked, id=27956, stack(0x000000001da70000,0x000000001db70000)]
  0x000000001b60c800 JavaThread "Daemon worker" [_thread_in_native, id=24844, stack(0x000000001d970000,0x000000001da70000)]
  0x000000001b60b800 JavaThread "Cancel handler" [_thread_blocked, id=21156, stack(0x000000001d870000,0x000000001d970000)]
  0x000000001986f800 JavaThread "Handler for socket connection from /127.0.0.1:8806 to /127.0.0.1:8807" [_thread_in_native, id=30728, stack(0x000000001d770000,0x000000001d870000)]
  0x000000001986e000 JavaThread "Daemon" [_thread_blocked, id=26884, stack(0x000000001d670000,0x000000001d770000)]
  0x0000000019751000 JavaThread "Daemon periodic checks" [_thread_blocked, id=34100, stack(0x000000001d370000,0x000000001d470000)]
  0x000000001974e800 JavaThread "Incoming local TCP Connector on port 8806" [_thread_in_native, id=30912, stack(0x000000001d190000,0x000000001d290000)]
  0x000000001c11f800 JavaThread "Daemon health stats" [_thread_blocked, id=33424, stack(0x000000001ce70000,0x000000001cf70000)]
  0x000000001976b000 JavaThread "Service Thread" daemon [_thread_blocked, id=8832, stack(0x000000001a2d0000,0x000000001a3d0000)]
  0x00000000196e0000 JavaThread "C1 CompilerThread3" daemon [_thread_blocked, id=32552, stack(0x000000001a1d0000,0x000000001a2d0000)]
=>0x00000000196dc000 JavaThread "C2 CompilerThread2" daemon [_thread_in_native, id=32668, stack(0x000000001a0d0000,0x000000001a1d0000)]
  0x000000001785a000 JavaThread "C2 CompilerThread1" daemon [_thread_in_native, id=28168, stack(0x0000000019fd0000,0x000000001a0d0000)]
  0x00000000196d2800 JavaThread "C2 CompilerThread0" daemon [_thread_blocked, id=16040, stack(0x0000000019ed0000,0x0000000019fd0000)]
  0x000000001967e800 JavaThread "Attach Listener" daemon [_thread_blocked, id=30952, stack(0x0000000019dd0000,0x0000000019ed0000)]
  0x000000001967d800 JavaThread "Signal Dispatcher" daemon [_thread_blocked, id=31140, stack(0x0000000019cd0000,0x0000000019dd0000)]
  0x00000000027ae000 JavaThread "Finalizer" daemon [_thread_blocked, id=32632, stack(0x0000000019b40000,0x0000000019c40000)]
  0x000000001784c800 JavaThread "Reference Handler" daemon [_thread_blocked, id=34056, stack(0x0000000019a40000,0x0000000019b40000)]
  0x00000000026ae000 JavaThread "main" [_thread_blocked, id=21148, stack(0x0000000002590000,0x0000000002690000)]

Other Threads:
  0x0000000017848000 VMThread [stack: 0x0000000019540000,0x0000000019640000] [id=8092]
  0x0000000019736000 WatcherThread [stack: 0x000000001a3d0000,0x000000001a4d0000] [id=16516]

VM state:not at safepoint (normal execution)

VM Mutex/Monitor currently owned by a thread: None

heap address: 0x0000000080000000, size: 2048 MB, Compressed Oops mode: 32-bit
Narrow klass base: 0x0000000000000000, Narrow klass shift: 3
Compressed class space size: 1073741824 Address: 0x0000000100000000

Heap:
 PSYoungGen      total 75776K, used 33503K [0x00000000d5580000, 0x00000000daa00000, 0x0000000100000000)
  eden space 65024K, 37% used [0x00000000d5580000,0x00000000d6d31730,0x00000000d9500000)
  from space 10752K, 85% used [0x00000000d9f80000,0x00000000da886778,0x00000000daa00000)
  to   space 10752K, 0% used [0x00000000d9500000,0x00000000d9500000,0x00000000d9f80000)
 ParOldGen       total 173568K, used 24K [0x0000000080000000, 0x000000008a980000, 0x00000000d5580000)
  object space 173568K, 0% used [0x0000000080000000,0x0000000080006000,0x000000008a980000)
 Metaspace       used 16706K, capacity 17416K, committed 17664K, reserved 1064960K
  class space    used 2234K, capacity 2436K, committed 2560K, reserved 1048576K

Card table byte_map: [0x0000000011b70000,0x0000000011f80000] byte_map_base: 0x0000000011770000

Marking Bits: (ParMarkBitMap*) 0x000000006f71f030
 Begin Bits: [0x0000000012a30000, 0x0000000014a30000)
 End Bits:   [0x0000000014a30000, 0x0000000016a30000)

Polling page: 0x00000000008c0000

CodeCache: size=245760Kb used=5475Kb max_used=5475Kb free=240284Kb
 bounds [0x00000000027b0000, 0x0000000002d10000, 0x00000000117b0000]
 total_blobs=1940 nmethods=1539 adapters=314
 compilation: enabled

Compilation events (10 events):
Event: 9.139 Thread 0x00000000196e0000 nmethod 1537 0x0000000002cfdf50 code [0x0000000002cfe0e0, 0x0000000002cfe4a8]
Event: 9.151 Thread 0x00000000196e0000 1539       3       jdk.internal.org.objectweb.asm.Frame::<init> (5 bytes)
Event: 9.151 Thread 0x00000000196e0000 nmethod 1539 0x0000000002d04c50 code [0x0000000002d04da0, 0x0000000002d04f50]
Event: 9.164 Thread 0x00000000196e0000 1540       1       sun.reflect.generics.repository.AbstractRepository::getFactory (5 bytes)
Event: 9.164 Thread 0x00000000196dc000 1541   !   4       java.net.URLClassLoader$1::run (63 bytes)
Event: 9.164 Thread 0x00000000196e0000 nmethod 1540 0x0000000002d04990 code [0x0000000002d04ae0, 0x0000000002d04bf0]
Event: 9.185 Thread 0x00000000196e0000 1542   !   3       org.gradle.internal.classloader.TransformingClassLoader::findClass (203 bytes)
Event: 9.189 Thread 0x00000000196e0000 nmethod 1542 0x0000000002d087d0 code [0x0000000002d08c80, 0x0000000002d0ba38]
Event: 9.189 Thread 0x00000000196e0000 1543       3       org.gradle.initialization.MixInLegacyTypesClassLoader::shouldTransform (42 bytes)
Event: 9.189 Thread 0x00000000196e0000 nmethod 1543 0x0000000002d04210 code [0x0000000002d043a0, 0x0000000002d047f8]

GC Heap History (4 events):
Event: 2.526 GC heap before
{Heap before GC invocations=1 (full 0):
 PSYoungGen      total 75776K, used 65024K [0x00000000d5580000, 0x00000000daa00000, 0x0000000100000000)
  eden space 65024K, 100% used [0x00000000d5580000,0x00000000d9500000,0x00000000d9500000)
  from space 10752K, 0% used [0x00000000d9f80000,0x00000000d9f80000,0x00000000daa00000)
  to   space 10752K, 0% used [0x00000000d9500000,0x00000000d9500000,0x00000000d9f80000)
 ParOldGen       total 173568K, used 0K [0x0000000080000000, 0x000000008a980000, 0x00000000d5580000)
  object space 173568K, 0% used [0x0000000080000000,0x0000000080000000,0x000000008a980000)
 Metaspace       used 7776K, capacity 8106K, committed 8320K, reserved 1056768K
  class space    used 945K, capacity 1041K, committed 1152K, reserved 1048576K
Event: 2.534 GC heap after
Heap after GC invocations=1 (full 0):
 PSYoungGen      total 75776K, used 5907K [0x00000000d5580000, 0x00000000daa00000, 0x0000000100000000)
  eden space 65024K, 0% used [0x00000000d5580000,0x00000000d5580000,0x00000000d9500000)
  from space 10752K, 54% used [0x00000000d9500000,0x00000000d9ac4d80,0x00000000d9f80000)
  to   space 10752K, 0% used [0x00000000d9f80000,0x00000000d9f80000,0x00000000daa00000)
 ParOldGen       total 173568K, used 16K [0x0000000080000000, 0x000000008a980000, 0x00000000d5580000)
  object space 173568K, 0% used [0x0000000080000000,0x0000000080004000,0x000000008a980000)
 Metaspace       used 7776K, capacity 8106K, committed 8320K, reserved 1056768K
  class space    used 945K, capacity 1041K, committed 1152K, reserved 1048576K
}
Event: 8.754 GC heap before
{Heap before GC invocations=2 (full 0):
 PSYoungGen      total 75776K, used 70931K [0x00000000d5580000, 0x00000000daa00000, 0x0000000100000000)
  eden space 65024K, 100% used [0x00000000d5580000,0x00000000d9500000,0x00000000d9500000)
  from space 10752K, 54% used [0x00000000d9500000,0x00000000d9ac4d80,0x00000000d9f80000)
  to   space 10752K, 0% used [0x00000000d9f80000,0x00000000d9f80000,0x00000000daa00000)
 ParOldGen       total 173568K, used 16K [0x0000000080000000, 0x000000008a980000, 0x00000000d5580000)
  object space 173568K, 0% used [0x0000000080000000,0x0000000080004000,0x000000008a980000)
 Metaspace       used 14127K, capacity 14612K, committed 14720K, reserved 1062912K
  class space    used 1934K, capacity 2080K, committed 2176K, reserved 1048576K
Event: 8.767 GC heap after
Heap after GC invocations=2 (full 0):
 PSYoungGen      total 75776K, used 9241K [0x00000000d5580000, 0x00000000daa00000, 0x0000000100000000)
  eden space 65024K, 0% used [0x00000000d5580000,0x00000000d5580000,0x00000000d9500000)
  from space 10752K, 85% used [0x00000000d9f80000,0x00000000da886778,0x00000000daa00000)
  to   space 10752K, 0% used [0x00000000d9500000,0x00000000d9500000,0x00000000d9f80000)
 ParOldGen       total 173568K, used 24K [0x0000000080000000, 0x000000008a980000, 0x00000000d5580000)
  object space 173568K, 0% used [0x0000000080000000,0x0000000080006000,0x000000008a980000)
 Metaspace       used 14127K, capacity 14612K, committed 14720K, reserved 1062912K
  class space    used 1934K, capacity 2080K, committed 2176K, reserved 1048576K
}

Deoptimization events (10 events):
Event: 8.284 Thread 0x000000001b60c800 Uncommon trap: reason=bimorphic action=maybe_recompile pc=0x0000000002a747b8 method=java.util.HashMap.putVal(ILjava/lang/Object;Ljava/lang/Object;ZZ)Ljava/lang/Object; @ 253
Event: 8.284 Thread 0x000000001b60c800 Uncommon trap: reason=bimorphic action=maybe_recompile pc=0x0000000002a747b8 method=java.util.HashMap.putVal(ILjava/lang/Object;Ljava/lang/Object;ZZ)Ljava/lang/Object; @ 253
Event: 8.284 Thread 0x000000001b60c800 Uncommon trap: reason=bimorphic action=maybe_recompile pc=0x0000000002a747b8 method=java.util.HashMap.putVal(ILjava/lang/Object;Ljava/lang/Object;ZZ)Ljava/lang/Object; @ 253
Event: 8.285 Thread 0x000000001b60c800 Uncommon trap: reason=bimorphic action=maybe_recompile pc=0x0000000002a747b8 method=java.util.HashMap.putVal(ILjava/lang/Object;Ljava/lang/Object;ZZ)Ljava/lang/Object; @ 253
Event: 8.747 Thread 0x000000001b60c800 Uncommon trap: reason=class_check action=maybe_recompile pc=0x0000000002aef498 method=java.util.regex.Matcher.match(II)Z @ 86
Event: 8.748 Thread 0x000000001b60c800 Uncommon trap: reason=class_check action=maybe_recompile pc=0x0000000002aef498 method=java.util.regex.Matcher.match(II)Z @ 86
Event: 8.748 Thread 0x000000001b60c800 Uncommon trap: reason=class_check action=maybe_recompile pc=0x0000000002aef498 method=java.util.regex.Matcher.match(II)Z @ 86
Event: 8.748 Thread 0x000000001b60c800 Uncommon trap: reason=class_check action=maybe_recompile pc=0x000000000296c1cc method=java.util.regex.Matcher.match(II)Z @ 86
Event: 8.966 Thread 0x000000001b60c800 Uncommon trap: reason=unstable_if action=reinterpret pc=0x0000000002aec0dc method=java.io.File.getName()Ljava/lang/String; @ 16
Event: 8.966 Thread 0x000000001b60c800 Uncommon trap: reason=unstable_if action=reinterpret pc=0x0000000002ae7114 method=java.lang.String.substring(I)Ljava/lang/String; @ 35

Classes redefined (0 events):
No events

Internal exceptions (10 events):
Event: 8.194 Thread 0x000000001986f800 Exception <a 'java/lang/NoSuchMethodError': <clinit>> (0x00000000d79d1460) thrown at [C:\src\AOSP-openjdk-git\hotspot\src\share\vm\prims\jni.cpp, line 1615]
Event: 8.197 Thread 0x000000001986f800 Exception <a 'java/lang/NoSuchMethodError': <clinit>> (0x00000000d79dab68) thrown at [C:\src\AOSP-openjdk-git\hotspot\src\share\vm\prims\jni.cpp, line 1615]
Event: 8.200 Thread 0x000000001986f800 Exception <a 'java/lang/NoSuchMethodError': <clinit>> (0x00000000d79ef1d0) thrown at [C:\src\AOSP-openjdk-git\hotspot\src\share\vm\prims\jni.cpp, line 1615]
Event: 8.220 Thread 0x000000001986f800 Exception <a 'java/lang/NoSuchMethodError': <clinit>> (0x00000000d7a5c170) thrown at [C:\src\AOSP-openjdk-git\hotspot\src\share\vm\prims\jni.cpp, line 1615]
Event: 8.231 Thread 0x000000001986f800 Exception <a 'java/lang/NoSuchMethodError': <clinit>> (0x00000000d7a966f8) thrown at [C:\src\AOSP-openjdk-git\hotspot\src\share\vm\prims\jni.cpp, line 1615]
Event: 8.241 Thread 0x000000001986f800 Exception <a 'java/lang/NoSuchMethodError': <clinit>> (0x00000000d7acc3c0) thrown at [C:\src\AOSP-openjdk-git\hotspot\src\share\vm\prims\jni.cpp, line 1615]
Event: 8.243 Thread 0x000000001986f800 Exception <a 'java/lang/NoSuchMethodError': <clinit>> (0x00000000d7ad88f0) thrown at [C:\src\AOSP-openjdk-git\hotspot\src\share\vm\prims\jni.cpp, line 1615]
Event: 9.031 Thread 0x000000001b60c800 Exception <a 'java/lang/NoSuchMethodError': java.lang.Object.lambda$and$0(Ljava/util/function/Predicate;Ljava/lang/Object;)Z> (0x00000000d615ead0) thrown at [C:\src\AOSP-openjdk-git\hotspot\src\share\vm\interpreter\linkResolver.cpp, line 620]
Event: 9.043 Thread 0x000000001b60c800 Exception <a 'java/lang/IncompatibleClassChangeError': Found class java.lang.Object, but interface was expected> (0x00000000d616ee38) thrown at [C:\src\AOSP-openjdk-git\hotspot\src\share\vm\interpreter\linkResolver.cpp, line 653]
Event: 9.047 Thread 0x000000001b60c800 Exception <a 'java/lang/NoSuchMethodError': java.lang.Object.lambda$or$2(Ljava/util/function/Predicate;Ljava/lang/Object;)Z> (0x00000000d6173988) thrown at [C:\src\AOSP-openjdk-git\hotspot\src\share\vm\interpreter\linkResolver.cpp, line 620]

Events (10 events):
Event: 9.199 loading class org/gradle/api/internal/artifacts/repositories/metadata/MutableModuleMetadataFactory
Event: 9.199 loading class org/gradle/api/internal/artifacts/repositories/metadata/MutableModuleMetadataFactory done
Event: 9.199 loading class org/gradle/api/internal/artifacts/repositories/metadata/IvyMutableModuleMetadataFactory
Event: 9.199 loading class org/gradle/api/internal/artifacts/repositories/metadata/IvyMutableModuleMetadataFactory done
Event: 9.200 loading class org/gradle/api/internal/artifacts/ivyservice/modulecache/ModuleSourcesSerializer
Event: 9.200 loading class org/gradle/api/internal/artifacts/ivyservice/modulecache/ModuleSourcesSerializer done
Event: 9.201 loading class org/gradle/api/internal/artifacts/ivyservice/modulecache/ModuleRepositoryCacheProvider
Event: 9.201 loading class org/gradle/api/internal/artifacts/ivyservice/modulecache/ModuleRepositoryCacheProvider done
Event: 9.202 loading class org/gradle/api/internal/artifacts/ivyservice/ivyresolve/StartParameterResolutionOverride
Event: 9.202 loading class org/gradle/api/internal/artifacts/ivyservice/ivyresolve/StartParameterResolutionOverride done


Dynamic libraries:
0x00007ff65b070000 - 0x00007ff65b0a1000 	C:\Program Files\Android\Android Studio1\jre\bin\java.exe
0x00007ff9d76c0000 - 0x00007ff9d78b0000 	C:\WINDOWS\SYSTEM32\ntdll.dll
0x00007ff9ce490000 - 0x00007ff9ce4a2000 	C:\Program Files\AVG\Antivirus\aswhook.dll
0x00007ff9d5ac0000 - 0x00007ff9d5b72000 	C:\WINDOWS\System32\KERNEL32.DLL
0x00007ff9d54c0000 - 0x00007ff9d5765000 	C:\WINDOWS\System32\KERNELBASE.dll
0x00007ff9d6fe0000 - 0x00007ff9d7083000 	C:\WINDOWS\System32\ADVAPI32.dll
0x00007ff9d6f40000 - 0x00007ff9d6fde000 	C:\WINDOWS\System32\msvcrt.dll
0x00007ff9d6420000 - 0x00007ff9d64b7000 	C:\WINDOWS\System32\sechost.dll
0x00007ff9d64c0000 - 0x00007ff9d65e0000 	C:\WINDOWS\System32\RPCRT4.dll
0x00007ff9d5880000 - 0x00007ff9d5a14000 	C:\WINDOWS\System32\USER32.dll
0x00007ff9d4830000 - 0x00007ff9d4851000 	C:\WINDOWS\System32\win32u.dll
0x00007ff9d6f00000 - 0x00007ff9d6f26000 	C:\WINDOWS\System32\GDI32.dll
0x00007ff9d52c0000 - 0x00007ff9d5456000 	C:\WINDOWS\System32\gdi32full.dll
0x00007ff9d5200000 - 0x00007ff9d529e000 	C:\WINDOWS\System32\msvcp_win.dll
0x00007ff9d5070000 - 0x00007ff9d516a000 	C:\WINDOWS\System32\ucrtbase.dll
0x00007ff9b43e0000 - 0x00007ff9b4664000 	C:\WINDOWS\WinSxS\amd64_microsoft.windows.common-controls_6595b64144ccf1df_6.0.18362.1256_none_9e7e379be45e40e2\COMCTL32.dll
0x00007ff9d7140000 - 0x00007ff9d7476000 	C:\WINDOWS\System32\combase.dll
0x00007ff9d5170000 - 0x00007ff9d51f1000 	C:\WINDOWS\System32\bcryptPrimitives.dll
0x00007ff9d5a90000 - 0x00007ff9d5abe000 	C:\WINDOWS\System32\IMM32.DLL
0x000000006e520000 - 0x000000006e5f2000 	C:\Program Files\Android\Android Studio1\jre\jre\bin\msvcr100.dll
0x000000006ef50000 - 0x000000006f79b000 	C:\Program Files\Android\Android Studio1\jre\jre\bin\server\jvm.dll
0x00007ff9d6f30000 - 0x00007ff9d6f38000 	C:\WINDOWS\System32\PSAPI.DLL
0x00007ff9c49d0000 - 0x00007ff9c49d9000 	C:\WINDOWS\SYSTEM32\WSOCK32.dll
0x00007ff9d6a60000 - 0x00007ff9d6acf000 	C:\WINDOWS\System32\WS2_32.dll
0x00007ff9d1fe0000 - 0x00007ff9d2004000 	C:\WINDOWS\SYSTEM32\WINMM.dll
0x00007ff9cbcd0000 - 0x00007ff9cbcda000 	C:\WINDOWS\SYSTEM32\VERSION.dll
0x00007ff9d1b60000 - 0x00007ff9d1b8d000 	C:\WINDOWS\SYSTEM32\WINMMBASE.dll
0x00007ff9d4890000 - 0x00007ff9d48da000 	C:\WINDOWS\System32\cfgmgr32.dll
0x00007ff9d21c0000 - 0x00007ff9d21cf000 	C:\Program Files\Android\Android Studio1\jre\jre\bin\verify.dll
0x00007ff9d2190000 - 0x00007ff9d21b9000 	C:\Program Files\Android\Android Studio1\jre\jre\bin\java.dll
0x00007ff9d2170000 - 0x00007ff9d2186000 	C:\Program Files\Android\Android Studio1\jre\jre\bin\zip.dll
0x00007ff9d5b80000 - 0x00007ff9d6267000 	C:\WINDOWS\System32\SHELL32.dll
0x00007ff9d7090000 - 0x00007ff9d7139000 	C:\WINDOWS\System32\shcore.dll
0x00007ff9d48e0000 - 0x00007ff9d5061000 	C:\WINDOWS\System32\windows.storage.dll
0x00007ff9d4600000 - 0x00007ff9d4623000 	C:\WINDOWS\System32\profapi.dll
0x00007ff9d4570000 - 0x00007ff9d45ba000 	C:\WINDOWS\System32\powrprof.dll
0x00007ff9d4560000 - 0x00007ff9d4570000 	C:\WINDOWS\System32\UMPDC.dll
0x00007ff9d6df0000 - 0x00007ff9d6e42000 	C:\WINDOWS\System32\shlwapi.dll
0x00007ff9d45c0000 - 0x00007ff9d45d1000 	C:\WINDOWS\System32\kernel.appcore.dll
0x00007ff9d52a0000 - 0x00007ff9d52b7000 	C:\WINDOWS\System32\cryptsp.dll
0x00007ff9d2150000 - 0x00007ff9d216a000 	C:\Program Files\Android\Android Studio1\jre\jre\bin\net.dll
0x00007ff9d3d50000 - 0x00007ff9d3db7000 	C:\WINDOWS\system32\mswsock.dll
0x00007ff9d0aa0000 - 0x00007ff9d0ab3000 	C:\Program Files\Android\Android Studio1\jre\jre\bin\nio.dll
0x00007ff9d0af0000 - 0x00007ff9d0b17000 	C:\Users\LIMJAEKYUNG\.gradle\native\f6784746aeab05261644944871eae4fe03e0ef1612fff0a4a95f87b438bc6780\windows-amd64\native-platform.dll
0x00007ff9d2140000 - 0x00007ff9d214d000 	C:\Program Files\Android\Android Studio1\jre\jre\bin\management.dll
0x00007ff9d38c0000 - 0x00007ff9d38f3000 	C:\WINDOWS\system32\rsaenh.dll
0x00007ff9d4860000 - 0x00007ff9d4886000 	C:\WINDOWS\System32\bcrypt.dll
0x00007ff9d4480000 - 0x00007ff9d44a5000 	C:\WINDOWS\SYSTEM32\USERENV.dll
0x00007ff9d3f20000 - 0x00007ff9d3f2c000 	C:\WINDOWS\SYSTEM32\CRYPTBASE.dll
0x00007ff9d3a60000 - 0x00007ff9d3a9a000 	C:\WINDOWS\SYSTEM32\IPHLPAPI.DLL
0x00007ff9d5870000 - 0x00007ff9d5878000 	C:\WINDOWS\System32\NSI.dll
0x00007ff9cabb0000 - 0x00007ff9cabc6000 	C:\WINDOWS\SYSTEM32\dhcpcsvc6.DLL
0x00007ff9cbc90000 - 0x00007ff9cbcac000 	C:\WINDOWS\SYSTEM32\dhcpcsvc.DLL
0x00007ff9d3aa0000 - 0x00007ff9d3b6b000 	C:\WINDOWS\SYSTEM32\DNSAPI.dll
0x00007ff9cc790000 - 0x00007ff9cc79b000 	C:\WINDOWS\SYSTEM32\WINNSI.DLL

VM Arguments:
jvm_args: -Xmx2048m -Dfile.encoding=UTF-8 -Duser.country=KR -Duser.language=ko -Duser.variant 
java_command: org.gradle.launcher.daemon.bootstrap.GradleDaemon 6.5
java_class_path (initial): C:\Users\LIMJAEKYUNG\.gradle\wrapper\dists\gradle-6.5-bin\6nifqtx7604sqp1q6g8wikw7p\gradle-6.5\lib\gradle-launcher-6.5.jar
Launcher Type: SUN_STANDARD

Environment Variables:
PATH=C:\Program Files (x86)\Common Files\Oracle\Java\javapath;C:\WINDOWS\system32;C:\WINDOWS;C:\WINDOWS\System32\Wbem;C:\WINDOWS\System32\WindowsPowerShell\v1.0\;C:\WINDOWS\System32\OpenSSH\;C:\Program Files\Bandizip\;%USERPROFILE%\AppData\Local\Microsoft\WindowsApps;
USERNAME=LIMJAEKYUNG
OS=Windows_NT
PROCESSOR_IDENTIFIER=Intel64 Family 6 Model 142 Stepping 11, GenuineIntel



---------------  S Y S T E M  ---------------

OS: Windows 10.0 , 64 bit Build 18362 (10.0.18362.1110)

CPU:total 8 (initial active 8) (4 cores per cpu, 2 threads per core) family 6 model 142 stepping 11, cmov, cx8, fxsr, mmx, sse, sse2, sse3, ssse3, sse4.1, sse4.2, popcnt, avx, avx2, aes, clmul, erms, 3dnowpref, lzcnt, ht, tsc, tscinvbit, bmi1, bmi2, adx

Memory: 4k page, physical 16566304k(2807816k free), swap 46980240k(5148k free)

vm_info: OpenJDK 64-Bit Server VM (25.242-b01) for windows-amd64 JRE (1.8.0_242-release-1644-b01), built by "builder" with MS VC++ 10.0 (VS2010)

time: Mon Dec 14 17:59:54 2020
timezone: 대한민국 표준시
elapsed time: 9 seconds (0d 0h 0m 9s)

